2020-11-19 21:07:02 DEBUG BasicClientConnectionManager:161 - Get connection for route {}->http://tnt7.copperwiresystems.com:80
2020-11-19 21:07:03 DEBUG DefaultClientConnectionOperator:177 - Connecting to tnt7.copperwiresystems.com:80
2020-11-19 21:07:03 DEBUG RequestAddCookies:123 - CookieSpec selected: ignoreCookies
2020-11-19 21:07:03 DEBUG RequestAuthCache:77 - Auth cache not set in the context
2020-11-19 21:07:03 DEBUG RequestTargetAuthentication:80 - Target auth state: UNCHALLENGED
2020-11-19 21:07:03 DEBUG RequestProxyAuthentication:89 - Proxy auth state: UNCHALLENGED
2020-11-19 21:07:03 DEBUG DefaultHttpClient:682 - Attempt 1 to execute request
2020-11-19 21:07:03 DEBUG DefaultClientConnection:274 - Sending request: POST /api/auth/login HTTP/1.1
2020-11-19 21:07:03 DEBUG wire:73 -  >> "POST /api/auth/login HTTP/1.1[\r][\n]"
2020-11-19 21:07:03 DEBUG wire:73 -  >> "Accept: */*[\r][\n]"
2020-11-19 21:07:03 DEBUG wire:73 -  >> "Content-Type: application/json; charset=UTF-8[\r][\n]"
2020-11-19 21:07:03 DEBUG wire:73 -  >> "Content-Length: 72[\r][\n]"
2020-11-19 21:07:03 DEBUG wire:73 -  >> "Host: tnt7.copperwiresystems.com[\r][\n]"
2020-11-19 21:07:03 DEBUG wire:73 -  >> "Connection: Keep-Alive[\r][\n]"
2020-11-19 21:07:03 DEBUG wire:73 -  >> "User-Agent: Apache-HttpClient/4.5.3 (Java/1.8.0_45)[\r][\n]"
2020-11-19 21:07:03 DEBUG wire:73 -  >> "Accept-Encoding: gzip,deflate[\r][\n]"
2020-11-19 21:07:03 DEBUG wire:73 -  >> "[\r][\n]"
2020-11-19 21:07:03 DEBUG headers:278 - >> POST /api/auth/login HTTP/1.1
2020-11-19 21:07:03 DEBUG headers:281 - >> Accept: */*
2020-11-19 21:07:03 DEBUG headers:281 - >> Content-Type: application/json; charset=UTF-8
2020-11-19 21:07:03 DEBUG headers:281 - >> Content-Length: 72
2020-11-19 21:07:03 DEBUG headers:281 - >> Host: tnt7.copperwiresystems.com
2020-11-19 21:07:03 DEBUG headers:281 - >> Connection: Keep-Alive
2020-11-19 21:07:03 DEBUG headers:281 - >> User-Agent: Apache-HttpClient/4.5.3 (Java/1.8.0_45)
2020-11-19 21:07:03 DEBUG headers:281 - >> Accept-Encoding: gzip,deflate
2020-11-19 21:07:03 DEBUG wire:87 -  >> "{"email":"admin@copperwire.io","password":"C0pp3rw1r3","remember":false}"
2020-11-19 21:07:04 DEBUG wire:73 -  << "HTTP/1.1 200 OK[\r][\n]"
2020-11-19 21:07:04 DEBUG wire:73 -  << "Date: Thu, 19 Nov 2020 15:37:04 GMT[\r][\n]"
2020-11-19 21:07:04 DEBUG wire:73 -  << "Server: Apache/2.4.29 (Ubuntu)[\r][\n]"
2020-11-19 21:07:04 DEBUG wire:73 -  << "Cache-Control: no-cache, private[\r][\n]"
2020-11-19 21:07:04 DEBUG wire:73 -  << "Authorization: eyJ0eXAiOiJKV1QiLCJhbGciOiJIUzI1NiJ9.eyJpc3MiOiJodHRwOlwvXC90bnQ3LmNvcHBlcndpcmVzeXN0ZW1zLmNvbVwvYXBpXC9hdXRoXC9sb2dpbiIsImlhdCI6MTYwNTgwMDIyNCwiZXhwIjoxNjA1ODAzODI0LCJuYmYiOjE2MDU4MDAyMjQsImp0aSI6InQ5V1NkYkFrSVY3WDJic0wiLCJzdWIiOjEsInBydiI6ImVkMjA0OGVjZDFiNjc0MjZkMTNlMDUwOTgzMDZmMjM2NzZmNmEzYzMifQ._dhgl98_IuWZzCk211ufwEJelgNoGCMv37umzBL1K-M[\r][\n]"
2020-11-19 21:07:04 DEBUG wire:73 -  << "X-RateLimit-Limit: 60[\r][\n]"
2020-11-19 21:07:04 DEBUG wire:73 -  << "X-RateLimit-Remaining: 59[\r][\n]"
2020-11-19 21:07:04 DEBUG wire:73 -  << "Content-Length: 476[\r][\n]"
2020-11-19 21:07:04 DEBUG wire:73 -  << "Keep-Alive: timeout=5, max=100[\r][\n]"
2020-11-19 21:07:04 DEBUG wire:73 -  << "Connection: Keep-Alive[\r][\n]"
2020-11-19 21:07:04 DEBUG wire:73 -  << "Content-Type: application/json[\r][\n]"
2020-11-19 21:07:04 DEBUG wire:73 -  << "[\r][\n]"
2020-11-19 21:07:04 DEBUG DefaultClientConnection:259 - Receiving response: HTTP/1.1 200 OK
2020-11-19 21:07:04 DEBUG headers:262 - << HTTP/1.1 200 OK
2020-11-19 21:07:04 DEBUG headers:265 - << Date: Thu, 19 Nov 2020 15:37:04 GMT
2020-11-19 21:07:04 DEBUG headers:265 - << Server: Apache/2.4.29 (Ubuntu)
2020-11-19 21:07:04 DEBUG headers:265 - << Cache-Control: no-cache, private
2020-11-19 21:07:04 DEBUG headers:265 - << Authorization: eyJ0eXAiOiJKV1QiLCJhbGciOiJIUzI1NiJ9.eyJpc3MiOiJodHRwOlwvXC90bnQ3LmNvcHBlcndpcmVzeXN0ZW1zLmNvbVwvYXBpXC9hdXRoXC9sb2dpbiIsImlhdCI6MTYwNTgwMDIyNCwiZXhwIjoxNjA1ODAzODI0LCJuYmYiOjE2MDU4MDAyMjQsImp0aSI6InQ5V1NkYkFrSVY3WDJic0wiLCJzdWIiOjEsInBydiI6ImVkMjA0OGVjZDFiNjc0MjZkMTNlMDUwOTgzMDZmMjM2NzZmNmEzYzMifQ._dhgl98_IuWZzCk211ufwEJelgNoGCMv37umzBL1K-M
2020-11-19 21:07:04 DEBUG headers:265 - << X-RateLimit-Limit: 60
2020-11-19 21:07:04 DEBUG headers:265 - << X-RateLimit-Remaining: 59
2020-11-19 21:07:04 DEBUG headers:265 - << Content-Length: 476
2020-11-19 21:07:04 DEBUG headers:265 - << Keep-Alive: timeout=5, max=100
2020-11-19 21:07:04 DEBUG headers:265 - << Connection: Keep-Alive
2020-11-19 21:07:04 DEBUG headers:265 - << Content-Type: application/json
2020-11-19 21:07:04 DEBUG DefaultHttpClient:509 - Connection can be kept alive for 5000 MILLISECONDS
2020-11-19 21:07:04 DEBUG RequestSpecificationImpl$RestAssuredHttpBuilder:545 - Parsing response as: application/json
2020-11-19 21:07:04 DEBUG RequestSpecificationImpl$RestAssuredHttpBuilder:548 - Parsed data to instance of: class org.apache.http.conn.EofSensorInputStream
2020-11-19 21:07:04 DEBUG wire:87 -  << "{"id":1,"name":"Copperwire Admin","email":"admin@copperwire.io","roles":["admin"],"permissions":["view menu Orders","view menu Documents","view menu Inspect & Pack","view menu RFQ & Book","view menu Pickup & Ship","view menu Invoice","view menu Deliver \/ Accept","view menu Categories","view menu Products","view menu Channel","view menu Customer","view menu Carrier","view menu Location","manage user","manage permission"],"avatar":"images\/users\/default.png","active":"1"}"
2020-11-19 21:07:04 DEBUG BasicClientConnectionManager:200 - Releasing connection org.apache.http.impl.conn.ManagedClientConnectionImpl@74a195a4
2020-11-19 21:07:04 DEBUG BasicClientConnectionManager:225 - Connection can be kept alive for 5000 MILLISECONDS
